<?xml version="1.0" encoding="UTF-8"?>
<testsuite xmlns:xsi="http://www.w3.org/2001/XMLSchema-instance" xsi:noNamespaceSchemaLocation="https://maven.apache.org/surefire/maven-surefire-plugin/xsd/surefire-test-report.xsd" name="Verifying the facebook details" time="47.11" tests="2" errors="0" skipped="0" failures="2">
  <properties>
[...]
</properties>
  <testcase name="Verifying  login details with invalid credentials" classname="Verifying the facebook details" time="47.11">
    <failure type="java.lang.AssertionError">java.lang.AssertionError
</failure>
    <system-out><![CDATA[Feature: Verifying the facebook details

  Scenario Outline: Verifying  login details with invalid credentials &amp#27;[90m# src/test/resources/Features/Hello.feature:3&amp#27;[0m
    &amp#27;[36mGiven User is on facebook page&amp#27;[0m
    &amp#27;[36mWhen User enters "<userName>" , "<password>"&amp#27;[0m
    &amp#27;[36mAnd User should click the login button&amp#27;[0m
    &amp#27;[36mThen verify success message&amp#27;[0m

    Examples: 

  Scenario Outline: Verifying  login details with invalid credentials &amp#27;[90m# src/test/resources/Features/Hello.feature:11&amp#27;[0m
    &amp#27;[32mGiven &amp#27;[0m&amp#27;[32mUser is on facebook page&amp#27;[0m                                    &amp#27;[90m# LoginPageStep.user_is_on_facebook_page()&amp#27;[0m
    &amp#27;[32mWhen &amp#27;[0m&amp#27;[32mUser enters &amp#27;[0m&amp#27;[32m&amp#27;[1m"Bala"&amp#27;[0m&amp#27;[32m , &amp#27;[0m&amp#27;[32m&amp#27;[1m"Guna"&amp#27;[0m                                  &amp#27;[90m# LoginPageStep.user_enters(String,String)&amp#27;[0m
    &amp#27;[32mAnd &amp#27;[0m&amp#27;[32mUser should click the login button&amp#27;[0m                            &amp#27;[90m# LoginPageStep.user_should_click_the_login_button()&amp#27;[0m
    &amp#27;[31mThen &amp#27;[0m&amp#27;[31mverify success message&amp#27;[0m                                       &amp#27;[90m# LoginPageStep.verify_success_message()&amp#27;[0m
      &amp#27;[31mjava.lang.AssertionError
	at org.junit.Assert.fail(Assert.java:86)
	at org.junit.Assert.assertTrue(Assert.java:41)
	at org.junit.Assert.assertTrue(Assert.java:52)
	at com.stepdefinition.LoginPageStep.verify_success_message(LoginPageStep.java:42)
	at ?.verify success message(file:src/test/resources/Features/Hello.feature:7)
&amp#27;[0m

Feature: Verifying the facebook details

  Scenario Outline: Verifying  login details with invalid credentials &amp#27;[90m# src/test/resources/Features/LoginPage.feature:3&amp#27;[0m
    &amp#27;[36mGiven User is on facebook page&amp#27;[0m
    &amp#27;[36mWhen User enters "<userName>" , "<password>"&amp#27;[0m
    &amp#27;[36mAnd User should click the login button&amp#27;[0m
    &amp#27;[36mThen verify success message&amp#27;[0m

    Examples: 

  Scenario Outline: Verifying  login details with invalid credentials &amp#27;[90m# src/test/resources/Features/LoginPage.feature:11&amp#27;[0m
    &amp#27;[32mGiven &amp#27;[0m&amp#27;[32mUser is on facebook page&amp#27;[0m                                    &amp#27;[90m# LoginPageStep.user_is_on_facebook_page()&amp#27;[0m
    &amp#27;[32mWhen &amp#27;[0m&amp#27;[32mUser enters &amp#27;[0m&amp#27;[32m&amp#27;[1m"Hello"&amp#27;[0m&amp#27;[32m , &amp#27;[0m&amp#27;[32m&amp#27;[1m"JAVA"&amp#27;[0m                                 &amp#27;[90m# LoginPageStep.user_enters(String,String)&amp#27;[0m
    &amp#27;[32mAnd &amp#27;[0m&amp#27;[32mUser should click the login button&amp#27;[0m                            &amp#27;[90m# LoginPageStep.user_should_click_the_login_button()&amp#27;[0m
    &amp#27;[31mThen &amp#27;[0m&amp#27;[31mverify success message&amp#27;[0m                                       &amp#27;[90m# LoginPageStep.verify_success_message()&amp#27;[0m
      &amp#27;[31mjava.lang.AssertionError
	at org.junit.Assert.fail(Assert.java:86)
	at org.junit.Assert.assertTrue(Assert.java:41)
	at org.junit.Assert.assertTrue(Assert.java:52)
	at com.stepdefinition.LoginPageStep.verify_success_message(LoginPageStep.java:42)
	at ?.verify success message(file:src/test/resources/Features/LoginPage.feature:7)
&amp#27;[0m
]]></system-out>
    <system-err><![CDATA[Starting ChromeDriver 79.0.3945.36 (3582db32b33893869b8c1339e8f4d9ed1816f143-refs/branch-heads/3945@{#614}) on port 4008
Only local connections are allowed.
Please protect ports used by ChromeDriver and related test frameworks to prevent access by malicious code.
[1579430464.402][WARNING]: Timed out connecting to Chrome, retrying...
Jan 19, 2020 4:11:06 PM org.openqa.selenium.remote.ProtocolHandshake createSession
INFO: Detected dialect: W3C
[1579430468.561][WARNING]: Timed out connecting to Chrome, retrying...
]]></system-err>
  </testcase>
  <testcase name="Verifying  login details with invalid credentials" classname="Verifying the facebook details" time="29.238">
    <failure type="java.lang.AssertionError">java.lang.AssertionError
</failure>
    <system-err><![CDATA[Starting ChromeDriver 79.0.3945.36 (3582db32b33893869b8c1339e8f4d9ed1816f143-refs/branch-heads/3945@{#614}) on port 12387
Only local connections are allowed.
Please protect ports used by ChromeDriver and related test frameworks to prevent access by malicious code.
[1579430464.403][WARNING]: Timed out connecting to Chrome, retrying...
Jan 19, 2020 4:11:06 PM org.openqa.selenium.remote.ProtocolHandshake createSession
INFO: Detected dialect: W3C
[1579430468.562][WARNING]: Timed out connecting to Chrome, retrying...
]]></system-err>
  </testcase>
</testsuite>